[01m[K/home/samuel/Desktop/ESDA-Asterius-Mk2-ROS2-Control/ros2_ws/src/ros2_control_demos/example_2/hardware/diffbot_system.cpp:30:10:[m[K [01;31m[Kfatal error: [m[Kmavros_msgs/msg/position_target.hpp: No such file or directory
   30 | #include [01;31m[K<mavros_msgs/msg/position_target.hpp>[m[K
      |          [01;31m[K^~~~~~~~~~~~~~~~~~~~~~~~~~~~~~~~~~~~~[m[K
compilation terminated.
gmake[2]: *** [CMakeFiles/ros2_control_demo_example_2.dir/build.make:76: CMakeFiles/ros2_control_demo_example_2.dir/hardware/diffbot_system.cpp.o] Error 1
gmake[1]: *** [CMakeFiles/Makefile2:137: CMakeFiles/ros2_control_demo_example_2.dir/all] Error 2
gmake: *** [Makefile:146: all] Error 2
